<?xml version="1.0" encoding="UTF-8"?>
<testng-results ignored="0" total="1" passed="1" failed="0" skipped="0">
  <reporter-output>
  </reporter-output>
  <suite started-at="2023-07-06T10:52:04 IST" name="Default suite" finished-at="2023-07-06T10:52:51 IST" duration-ms="46488">
    <groups>
    </groups>
    <test started-at="2023-07-06T10:52:04 IST" name="Default test" finished-at="2023-07-06T10:52:51 IST" duration-ms="46488">
      <class name="Tests.Myacctest">
        <test-method is-config="true" signature="setup()[pri:0, instance:Tests.Myacctest@7bab3f1a]" started-at="2023-07-06T10:52:04 IST" name="setup" finished-at="2023-07-06T10:52:15 IST" duration-ms="11149" status="PASS">
          <reporter-output>
          </reporter-output>
        </test-method> <!-- setup -->
        <test-method signature="perform()[pri:0, instance:Tests.Myacctest@7bab3f1a]" started-at="2023-07-06T10:52:15 IST" name="perform" finished-at="2023-07-06T10:52:50 IST" duration-ms="35263" status="PASS">
          <reporter-output>
          </reporter-output>
        </test-method> <!-- perform -->
      </class> <!-- Tests.Myacctest -->
    </test> <!-- Default test -->
  </suite> <!-- Default suite -->
</testng-results>
